


ARM Macro Assembler    Page 1 


    1 00000000         ; LCD.s
    2 00000000         ; Student names: change this to your names or look very 
                       silly
    3 00000000         ; Last modification date: change this to the last modifi
                       cation date or look very silly
    4 00000000         
    5 00000000         ; Runs on LM4F120/TM4C123
    6 00000000         ; Use SSI0 to send an 8-bit code to the ST7735 160x128 p
                       ixel LCD.
    7 00000000         
    8 00000000         ; As part of Lab 7, students need to implement these LCD
                       _WriteCommand and LCD_WriteData
    9 00000000         ; This driver assumes two low-level LCD functions
   10 00000000         
   11 00000000         ; Backlight (pin 10) connected to +3.3 V
   12 00000000         ; MISO (pin 9) unconnected
   13 00000000         ; SCK (pin 8) connected to PA2 (SSI0Clk)
   14 00000000         ; MOSI (pin 7) connected to PA5 (SSI0Tx)
   15 00000000         ; TFT_CS (pin 6) connected to PA3 (SSI0Fss)
   16 00000000         ; CARD_CS (pin 5) unconnected
   17 00000000         ; Data/Command (pin 4) connected to PA6 (GPIO)
   18 00000000         ; RESET (pin 3) connected to PA7 (GPIO)
   19 00000000         ; VCC (pin 2) connected to +3.3 V
   20 00000000         ; Gnd (pin 1) connected to ground
   21 00000000         
   22 00000000 40004100 
                       DC      EQU              0x40004100
   23 00000000 00000000 
                       DC_COMMAND
                               EQU              0
   24 00000000 00000040 
                       DC_DATA EQU              0x40
   25 00000000 40008008 
                       SSI0_DR_R
                               EQU              0x40008008
   26 00000000 4000800C 
                       SSI0_SR_R
                               EQU              0x4000800C
   27 00000000 00000004 
                       SSI_SR_RNE
                               EQU              0x00000004  ; SSI Receive FIFO 
                                                            Not Empty
   28 00000000 00000010 
                       SSI_SR_BSY
                               EQU              0x00000010  ; SSI Busy Bit
   29 00000000 00000002 
                       SSI_SR_TNF
                               EQU              0x00000002  ; SSI Transmit FIFO
                                                             Not Full
   30 00000000         
   31 00000000                 EXPORT           writecommand
   32 00000000                 EXPORT           writedata
   33 00000000         
   34 00000000                 AREA             |.text|, CODE, READONLY, ALIGN=
2
   35 00000000                 THUMB
   36 00000000                 ALIGN
   37 00000000         
   38 00000000         ; The Data/Command pin must be valid when the eighth bit



ARM Macro Assembler    Page 2 


                        is
   39 00000000         ; sent.  The SSI module has hardware input and output FI
                       FOs
   40 00000000         ; that are 8 locations deep.  Based on the observation t
                       hat
   41 00000000         ; the LCD interface tends to send a few commands and the
                       n a
   42 00000000         ; lot of data, the FIFOs are not used when writing
   43 00000000         ; commands, and they are used when writing data.  This
   44 00000000         ; ensures that the Data/Command pin status matches the b
                       yte
   45 00000000         ; that is actually being transmitted.
   46 00000000         ; The write command operation waits until all data has b
                       een
   47 00000000         ; sent, configures the Data/Command pin for commands, se
                       nds
   48 00000000         ; the command, and then waits for the transmission to
   49 00000000         ; finish.
   50 00000000         ; The write data operation waits until there is room in 
                       the
   51 00000000         ; transmit FIFO, configures the Data/Command pin for dat
                       a,
   52 00000000         ; and then adds the data to the transmit FIFO.
   53 00000000         ; NOTE: These functions will crash or stall indefinitely
                        if
   54 00000000         ; the SSI0 module is not initialized and enabled.
   55 00000000         
   56 00000000         ; This is a helper function that sends an 8-bit command 
                       to the LCD.
   57 00000000         ; Input: R0  8-bit command to transmit
   58 00000000         ; Output: none
   59 00000000         ; Assumes: SSI0 and port A have already been initialized
                        and enabled
   60 00000000         writecommand
   61 00000000         ;1) Read SSI0_SR_R and check bit 4, 
   62 00000000         ;2) If bit 4 is high, loop back to step 1 (wait for BUSY
                        bit to be low)
   63 00000000         ;3) Clear D/C=PA6 to zero
   64 00000000         ;4) Write the command to SSI0_DR_R
   65 00000000         ;5) Read SSI0_SR_R and check bit 4, 
   66 00000000         ;6) If bit 4 is high, loop back to step 5 (wait for BUSY
                        bit to be low)
   67 00000000         ;; --UUU-- Code to write a command to the LCD
   68 00000000         
   69 00000000         ;1) Read SSI0_SR_R and check bit 4, 
   70 00000000         ;2) If bit 4 is high, loop back to step 1 (wait for BUSY
                        bit to be low)
   71 00000000         ;3) Clear D/C=PA6 to zero
   72 00000000         ;4) Write the command to SSI0_DR_R
   73 00000000         ;5) Read SSI0_SR_R and check bit 4, 
   74 00000000         ;6) If bit 4 is high, loop back to step 5 (wait for BUSY
                        bit to be low)
   75 00000000         
   76 00000000         waitbusy
   77 00000000         
   78 00000000 490F            LDR              R1, =SSI0_SR_R ; load value of 
                                                            Sr register into r1
                                                            
   79 00000002 680A            LDR              R2, [R1]    ; Load contents of 



ARM Macro Assembler    Page 3 


                                                            register in r2
   80 00000004 F002 0310       AND              R3, R2, #0x10 ; Isolates bit 4 
                                                            and check if its a 
                                                            1  BUSY bit
   81 00000008         
   82 00000008         ;need to check if bit 4 is high
   83 00000008 2B10            CMP              R3, #0x10   ; 
   84 0000000A D0F9            BEQ              waitbusy
   85 0000000C         
   86 0000000C         ; 3. Clears D/c to 0
   87 0000000C         
   88 0000000C 4A0D            LDR              R2, =DC     ; load dc into r2
   89 0000000E F04F 0300       MOV              R3, #DC_COMMAND ; =0
   90 00000012 6013            STR              R3, [R2]    ; clear D/C to 0
   91 00000014         
   92 00000014         ;Write the command to SSI0_Dr  :  r0 has the 8 BIT data 
                       we want to write
   93 00000014         
   94 00000014 4B0C            LDR              R3, =SSI0_DR_R ; address of DR
   95 00000016 6018            STR              R0, [R3]    ; writes the comman
                                                            d
   96 00000018         
   97 00000018         ;5. Read SSI0 and check bit 4
   98 00000018         waitbusy2
   99 00000018 4909            LDR              R1, =SSI0_SR_R ; 
  100 0000001A 680A            LDR              R2, [R1]    ;
  101 0000001C F002 0310       AND              R3, R2, #0x10 ; isolates bit 4
  102 00000020 2B10            CMP              R3, #0x10   ; checks to see if 
                                                            high
  103 00000022 D0F9            BEQ              waitbusy2
  104 00000024         ;if not high, subroutine ends;lab 7 code 
  105 00000024         
  106 00000024         
  107 00000024         
  108 00000024 4770            BX               LR          ;   return
  109 00000026         
  110 00000026         ; This is a helper function that sends an 8-bit data to 
                       the LCD.
  111 00000026         ; Input: R0  8-bit data to transmit
  112 00000026         ; Output: none
  113 00000026         ; Assumes: SSI0 and port A have already been initialized
                        and enabled
  114 00000026         writedata
  115 00000026         ;1) Read SSI0_SR_R and check bit 1, 
  116 00000026         ;2) If bit 1 is low loop back to step 1 (wait for TNF bi
                       t to be high)
  117 00000026         ;3) Set D/C=PA6 to one
  118 00000026         ;4) Write the 8-bit data to SSI0_DR_R
  119 00000026         
  120 00000026         ;; --UUU-- Code to write data to the LCD
  121 00000026         ;1) Read SSI0_SR_R and check bit 1, 
  122 00000026         ;2) If bit 1 is low loop back to step 1 (wait for TNF bi
                       t to be high)
  123 00000026         ;3) Set D/C=PA6 to one
  124 00000026         ;4) Write the 8-bit data to SSI0_DR_R
  125 00000026         
  126 00000026         
  127 00000026         ;1. Read SSI0_SR_R and check bit 1
  128 00000026         checkagain



ARM Macro Assembler    Page 4 


  129 00000026 4906            LDR              R1, =SSI0_SR_R ;
  130 00000028 680A            LDR              R2, [R1]    ; reads SSIO
  131 0000002A F002 0302       AND              R3, R2, #0x02 ; isolates bit 1
  132 0000002E 2B02            CMP              R3, #0x02   ; checks if high or
                                                             not 
  133 00000030 D1F9            BNE              checkagain  ;if low go back to 
                                                            reading 
  134 00000032         
  135 00000032         ;Set D/C TO ONE MAKE CONTENTS 0X40
  136 00000032         
  137 00000032 4A04            LDR              R2, =DC
  138 00000034 F04F 0340       MOV              R3, #DC_DATA ;  0x40
  139 00000038 6013            STR              R3, [R2]    ; makes contents of
                                                             D/C 0x40 and sets 
                                                            to 1
  140 0000003A         
  141 0000003A         ;4. write 8 bit data to DR
  142 0000003A         
  143 0000003A 4B03            LDR              R3, =SSI0_DR_R ;
  144 0000003C 6018            STR              R0, [R3]    ; writes 8 bit data
                                                             in r0 to DR
  145 0000003E         
  146 0000003E         
  147 0000003E 4770            BX               LR          ;   return
  148 00000040         
  149 00000040         
  150 00000040         ;***************************************************
  151 00000040         ; This is a library for the Adafruit 1.8" SPI display.
  152 00000040         ; This library works with the Adafruit 1.8" TFT Breakout
                        w/SD card
  153 00000040         ; ----> http://www.adafruit.com/products/358
  154 00000040         ; as well as Adafruit raw 1.8" TFT display
  155 00000040         ; ----> http://www.adafruit.com/products/618
  156 00000040         ;
  157 00000040         ; Check out the links above for our tutorials and wiring
                        diagrams
  158 00000040         ; These displays use SPI to communicate, 4 or 5 pins are
                        required to
  159 00000040         ; interface (RST is optional)
  160 00000040         ; Adafruit invests time and resources providing this ope
                       n source code,
  161 00000040         ; please support Adafruit and open-source hardware by pu
                       rchasing
  162 00000040         ; products from Adafruit!
  163 00000040         ;
  164 00000040         ; Written by Limor Fried/Ladyada for Adafruit Industries
                       .
  165 00000040         ; MIT license, all text above must be included in any re
                       distribution
  166 00000040         ;****************************************************
  167 00000040         
  168 00000040                 ALIGN                        ; make sure the end
                                                             of this section is
                                                             aligned
  169 00000040                 END                          ; end of file
              4000800C 
              40004100 
              40008008 
Command Line: --debug --xref --diag_suppress=9931 --cpu=Cortex-M4 --apcs=interw



ARM Macro Assembler    Page 5 


ork --depend=.\lcd.d -o.\lcd.o -I.\RTE\_SpaceInvaders -IC:\Users\miahm\AppData\
Local\Arm\Packs\ARM\CMSIS\5.8.0\CMSIS\Core\Include -IC:\Users\miahm\AppData\Loc
al\Arm\Packs\Keil\TM4C_DFP\1.1.0\Device\Include\TM4C123 --predefine="__EVAL SET
A 1" --predefine="__UVISION_VERSION SETA 535" --predefine="_RTE_ SETA 1" --pred
efine="TM4C123GH6PM SETA 1" --predefine="_RTE_ SETA 1" --list=.\lcd.lst LCD.s



ARM Macro Assembler    Page 1 Alphabetic symbol ordering
Relocatable symbols

.text 00000000

Symbol: .text
   Definitions
      At line 34 in file LCD.s
   Uses
      None
Comment: .text unused
checkagain 00000026

Symbol: checkagain
   Definitions
      At line 128 in file LCD.s
   Uses
      At line 133 in file LCD.s
Comment: checkagain used once
waitbusy 00000000

Symbol: waitbusy
   Definitions
      At line 76 in file LCD.s
   Uses
      At line 84 in file LCD.s
Comment: waitbusy used once
waitbusy2 00000018

Symbol: waitbusy2
   Definitions
      At line 98 in file LCD.s
   Uses
      At line 103 in file LCD.s
Comment: waitbusy2 used once
writecommand 00000000

Symbol: writecommand
   Definitions
      At line 60 in file LCD.s
   Uses
      At line 31 in file LCD.s
Comment: writecommand used once
writedata 00000026

Symbol: writedata
   Definitions
      At line 114 in file LCD.s
   Uses
      At line 32 in file LCD.s
Comment: writedata used once
6 symbols



ARM Macro Assembler    Page 1 Alphabetic symbol ordering
Absolute symbols

DC 40004100

Symbol: DC
   Definitions
      At line 22 in file LCD.s
   Uses
      At line 88 in file LCD.s
      At line 137 in file LCD.s

DC_COMMAND 00000000

Symbol: DC_COMMAND
   Definitions
      At line 23 in file LCD.s
   Uses
      At line 89 in file LCD.s
Comment: DC_COMMAND used once
DC_DATA 00000040

Symbol: DC_DATA
   Definitions
      At line 24 in file LCD.s
   Uses
      At line 138 in file LCD.s
Comment: DC_DATA used once
SSI0_DR_R 40008008

Symbol: SSI0_DR_R
   Definitions
      At line 25 in file LCD.s
   Uses
      At line 94 in file LCD.s
      At line 143 in file LCD.s

SSI0_SR_R 4000800C

Symbol: SSI0_SR_R
   Definitions
      At line 26 in file LCD.s
   Uses
      At line 78 in file LCD.s
      At line 99 in file LCD.s
      At line 129 in file LCD.s

SSI_SR_BSY 00000010

Symbol: SSI_SR_BSY
   Definitions
      At line 28 in file LCD.s
   Uses
      None
Comment: SSI_SR_BSY unused
SSI_SR_RNE 00000004

Symbol: SSI_SR_RNE
   Definitions
      At line 27 in file LCD.s
   Uses
      None



ARM Macro Assembler    Page 2 Alphabetic symbol ordering
Absolute symbols

Comment: SSI_SR_RNE unused
SSI_SR_TNF 00000002

Symbol: SSI_SR_TNF
   Definitions
      At line 29 in file LCD.s
   Uses
      None
Comment: SSI_SR_TNF unused
8 symbols
350 symbols in table
